ARM GAS  /tmp/ccduFGvb.s 			page 1


   1              		.cpu cortex-m4
   2              		.eabi_attribute 27, 1
   3              		.eabi_attribute 28, 1
   4              		.eabi_attribute 20, 1
   5              		.eabi_attribute 21, 1
   6              		.eabi_attribute 23, 3
   7              		.eabi_attribute 24, 1
   8              		.eabi_attribute 25, 1
   9              		.eabi_attribute 26, 1
  10              		.eabi_attribute 30, 1
  11              		.eabi_attribute 34, 1
  12              		.eabi_attribute 18, 4
  13              		.file	"gpio.c"
  14              		.text
  15              	.Ltext0:
  16              		.cfi_sections	.debug_frame
  17              		.section	.text.MX_GPIO_Init,"ax",%progbits
  18              		.align	1
  19              		.global	MX_GPIO_Init
  20              		.arch armv7e-m
  21              		.syntax unified
  22              		.thumb
  23              		.thumb_func
  24              		.fpu fpv4-sp-d16
  26              	MX_GPIO_Init:
  27              	.LFB132:
  28              		.file 1 "Core/Src/gpio.c"
   1:Core/Src/gpio.c **** /**
   2:Core/Src/gpio.c ****   ******************************************************************************
   3:Core/Src/gpio.c ****   * File Name          : gpio.c
   4:Core/Src/gpio.c ****   * Description        : This file provides code for the configuration
   5:Core/Src/gpio.c ****   *                      of all used GPIO pins.
   6:Core/Src/gpio.c ****   ******************************************************************************
   7:Core/Src/gpio.c ****   * @attention
   8:Core/Src/gpio.c ****   *
   9:Core/Src/gpio.c ****   * <h2><center>&copy; Copyright (c) 2021 STMicroelectronics.
  10:Core/Src/gpio.c ****   * All rights reserved.</center></h2>
  11:Core/Src/gpio.c ****   *
  12:Core/Src/gpio.c ****   * This software component is licensed by ST under BSD 3-Clause license,
  13:Core/Src/gpio.c ****   * the "License"; You may not use this file except in compliance with the
  14:Core/Src/gpio.c ****   * License. You may obtain a copy of the License at:
  15:Core/Src/gpio.c ****   *                        opensource.org/licenses/BSD-3-Clause
  16:Core/Src/gpio.c ****   *
  17:Core/Src/gpio.c ****   ******************************************************************************
  18:Core/Src/gpio.c ****   */
  19:Core/Src/gpio.c **** 
  20:Core/Src/gpio.c **** /* Includes ------------------------------------------------------------------*/
  21:Core/Src/gpio.c **** #include "gpio.h"
  22:Core/Src/gpio.c **** /* USER CODE BEGIN 0 */
  23:Core/Src/gpio.c **** 
  24:Core/Src/gpio.c **** /* USER CODE END 0 */
  25:Core/Src/gpio.c **** 
  26:Core/Src/gpio.c **** /*----------------------------------------------------------------------------*/
  27:Core/Src/gpio.c **** /* Configure GPIO                                                             */
  28:Core/Src/gpio.c **** /*----------------------------------------------------------------------------*/
  29:Core/Src/gpio.c **** /* USER CODE BEGIN 1 */
  30:Core/Src/gpio.c **** 
ARM GAS  /tmp/ccduFGvb.s 			page 2


  31:Core/Src/gpio.c **** /* USER CODE END 1 */
  32:Core/Src/gpio.c **** 
  33:Core/Src/gpio.c **** /** Configure pins as
  34:Core/Src/gpio.c ****         * Analog
  35:Core/Src/gpio.c ****         * Input
  36:Core/Src/gpio.c ****         * Output
  37:Core/Src/gpio.c ****         * EVENT_OUT
  38:Core/Src/gpio.c ****         * EXTI
  39:Core/Src/gpio.c ****         * Free pins are configured automatically as Analog (this feature is enabled through
  40:Core/Src/gpio.c ****         * the Code Generation settings)
  41:Core/Src/gpio.c **** */
  42:Core/Src/gpio.c **** void MX_GPIO_Init(void)
  43:Core/Src/gpio.c **** {
  29              		.loc 1 43 1 view -0
  30              		.cfi_startproc
  31              		@ args = 0, pretend = 0, frame = 48
  32              		@ frame_needed = 0, uses_anonymous_args = 0
  33 0000 70B5     		push	{r4, r5, r6, lr}
  34              	.LCFI0:
  35              		.cfi_def_cfa_offset 16
  36              		.cfi_offset 4, -16
  37              		.cfi_offset 5, -12
  38              		.cfi_offset 6, -8
  39              		.cfi_offset 14, -4
  40 0002 8CB0     		sub	sp, sp, #48
  41              	.LCFI1:
  42              		.cfi_def_cfa_offset 64
  44:Core/Src/gpio.c **** 
  45:Core/Src/gpio.c ****   GPIO_InitTypeDef GPIO_InitStruct = {0};
  43              		.loc 1 45 3 view .LVU1
  44              		.loc 1 45 20 is_stmt 0 view .LVU2
  45 0004 0024     		movs	r4, #0
  46 0006 0794     		str	r4, [sp, #28]
  47 0008 0894     		str	r4, [sp, #32]
  48 000a 0994     		str	r4, [sp, #36]
  49 000c 0A94     		str	r4, [sp, #40]
  50 000e 0B94     		str	r4, [sp, #44]
  46:Core/Src/gpio.c **** 
  47:Core/Src/gpio.c ****   /* GPIO Ports Clock Enable */
  48:Core/Src/gpio.c ****   __HAL_RCC_GPIOC_CLK_ENABLE();
  51              		.loc 1 48 3 is_stmt 1 view .LVU3
  52              	.LBB2:
  53              		.loc 1 48 3 view .LVU4
  54              		.loc 1 48 3 view .LVU5
  55 0010 454B     		ldr	r3, .L3
  56 0012 DA6C     		ldr	r2, [r3, #76]
  57 0014 42F00402 		orr	r2, r2, #4
  58 0018 DA64     		str	r2, [r3, #76]
  59              		.loc 1 48 3 view .LVU6
  60 001a DA6C     		ldr	r2, [r3, #76]
  61 001c 02F00402 		and	r2, r2, #4
  62 0020 0192     		str	r2, [sp, #4]
  63              		.loc 1 48 3 view .LVU7
  64 0022 019A     		ldr	r2, [sp, #4]
  65              	.LBE2:
  66              		.loc 1 48 3 view .LVU8
  49:Core/Src/gpio.c ****   __HAL_RCC_GPIOF_CLK_ENABLE();
ARM GAS  /tmp/ccduFGvb.s 			page 3


  67              		.loc 1 49 3 view .LVU9
  68              	.LBB3:
  69              		.loc 1 49 3 view .LVU10
  70              		.loc 1 49 3 view .LVU11
  71 0024 DA6C     		ldr	r2, [r3, #76]
  72 0026 42F02002 		orr	r2, r2, #32
  73 002a DA64     		str	r2, [r3, #76]
  74              		.loc 1 49 3 view .LVU12
  75 002c DA6C     		ldr	r2, [r3, #76]
  76 002e 02F02002 		and	r2, r2, #32
  77 0032 0292     		str	r2, [sp, #8]
  78              		.loc 1 49 3 view .LVU13
  79 0034 029A     		ldr	r2, [sp, #8]
  80              	.LBE3:
  81              		.loc 1 49 3 view .LVU14
  50:Core/Src/gpio.c ****   __HAL_RCC_GPIOG_CLK_ENABLE();
  82              		.loc 1 50 3 view .LVU15
  83              	.LBB4:
  84              		.loc 1 50 3 view .LVU16
  85              		.loc 1 50 3 view .LVU17
  86 0036 DA6C     		ldr	r2, [r3, #76]
  87 0038 42F04002 		orr	r2, r2, #64
  88 003c DA64     		str	r2, [r3, #76]
  89              		.loc 1 50 3 view .LVU18
  90 003e DA6C     		ldr	r2, [r3, #76]
  91 0040 02F04002 		and	r2, r2, #64
  92 0044 0392     		str	r2, [sp, #12]
  93              		.loc 1 50 3 view .LVU19
  94 0046 039A     		ldr	r2, [sp, #12]
  95              	.LBE4:
  96              		.loc 1 50 3 view .LVU20
  51:Core/Src/gpio.c ****   __HAL_RCC_GPIOA_CLK_ENABLE();
  97              		.loc 1 51 3 view .LVU21
  98              	.LBB5:
  99              		.loc 1 51 3 view .LVU22
 100              		.loc 1 51 3 view .LVU23
 101 0048 DA6C     		ldr	r2, [r3, #76]
 102 004a 42F00102 		orr	r2, r2, #1
 103 004e DA64     		str	r2, [r3, #76]
 104              		.loc 1 51 3 view .LVU24
 105 0050 DA6C     		ldr	r2, [r3, #76]
 106 0052 02F00102 		and	r2, r2, #1
 107 0056 0492     		str	r2, [sp, #16]
 108              		.loc 1 51 3 view .LVU25
 109 0058 049A     		ldr	r2, [sp, #16]
 110              	.LBE5:
 111              		.loc 1 51 3 view .LVU26
  52:Core/Src/gpio.c ****   __HAL_RCC_GPIOB_CLK_ENABLE();
 112              		.loc 1 52 3 view .LVU27
 113              	.LBB6:
 114              		.loc 1 52 3 view .LVU28
 115              		.loc 1 52 3 view .LVU29
 116 005a DA6C     		ldr	r2, [r3, #76]
 117 005c 42F00202 		orr	r2, r2, #2
 118 0060 DA64     		str	r2, [r3, #76]
 119              		.loc 1 52 3 view .LVU30
 120 0062 DA6C     		ldr	r2, [r3, #76]
ARM GAS  /tmp/ccduFGvb.s 			page 4


 121 0064 02F00202 		and	r2, r2, #2
 122 0068 0592     		str	r2, [sp, #20]
 123              		.loc 1 52 3 view .LVU31
 124 006a 059A     		ldr	r2, [sp, #20]
 125              	.LBE6:
 126              		.loc 1 52 3 view .LVU32
  53:Core/Src/gpio.c ****   __HAL_RCC_GPIOD_CLK_ENABLE();
 127              		.loc 1 53 3 view .LVU33
 128              	.LBB7:
 129              		.loc 1 53 3 view .LVU34
 130              		.loc 1 53 3 view .LVU35
 131 006c DA6C     		ldr	r2, [r3, #76]
 132 006e 42F00802 		orr	r2, r2, #8
 133 0072 DA64     		str	r2, [r3, #76]
 134              		.loc 1 53 3 view .LVU36
 135 0074 DB6C     		ldr	r3, [r3, #76]
 136 0076 03F00803 		and	r3, r3, #8
 137 007a 0693     		str	r3, [sp, #24]
 138              		.loc 1 53 3 view .LVU37
 139 007c 069B     		ldr	r3, [sp, #24]
 140              	.LBE7:
 141              		.loc 1 53 3 view .LVU38
  54:Core/Src/gpio.c **** 
  55:Core/Src/gpio.c ****   /*Configure GPIO pin Output Level */
  56:Core/Src/gpio.c ****   HAL_GPIO_WritePin(GPIOA, GPIO_PIN_5, GPIO_PIN_RESET);
 142              		.loc 1 56 3 view .LVU39
 143 007e 2246     		mov	r2, r4
 144 0080 2021     		movs	r1, #32
 145 0082 4FF09040 		mov	r0, #1207959552
 146 0086 FFF7FEFF 		bl	HAL_GPIO_WritePin
 147              	.LVL0:
  57:Core/Src/gpio.c **** 
  58:Core/Src/gpio.c ****   /*Configure GPIO pin : PC13 */
  59:Core/Src/gpio.c ****   GPIO_InitStruct.Pin = GPIO_PIN_13;
 148              		.loc 1 59 3 view .LVU40
 149              		.loc 1 59 23 is_stmt 0 view .LVU41
 150 008a 4FF40053 		mov	r3, #8192
 151 008e 0793     		str	r3, [sp, #28]
  60:Core/Src/gpio.c ****   GPIO_InitStruct.Mode = GPIO_MODE_IT_RISING;
 152              		.loc 1 60 3 is_stmt 1 view .LVU42
 153              		.loc 1 60 24 is_stmt 0 view .LVU43
 154 0090 264B     		ldr	r3, .L3+4
 155 0092 0893     		str	r3, [sp, #32]
  61:Core/Src/gpio.c ****   GPIO_InitStruct.Pull = GPIO_NOPULL;
 156              		.loc 1 61 3 is_stmt 1 view .LVU44
 157              		.loc 1 61 24 is_stmt 0 view .LVU45
 158 0094 0994     		str	r4, [sp, #36]
  62:Core/Src/gpio.c ****   HAL_GPIO_Init(GPIOC, &GPIO_InitStruct);
 159              		.loc 1 62 3 is_stmt 1 view .LVU46
 160 0096 264E     		ldr	r6, .L3+8
 161 0098 07A9     		add	r1, sp, #28
 162 009a 3046     		mov	r0, r6
 163 009c FFF7FEFF 		bl	HAL_GPIO_Init
 164              	.LVL1:
  63:Core/Src/gpio.c **** 
  64:Core/Src/gpio.c ****   /*Configure GPIO pin : PG10 */
  65:Core/Src/gpio.c ****   GPIO_InitStruct.Pin = GPIO_PIN_10;
ARM GAS  /tmp/ccduFGvb.s 			page 5


 165              		.loc 1 65 3 view .LVU47
 166              		.loc 1 65 23 is_stmt 0 view .LVU48
 167 00a0 4FF48063 		mov	r3, #1024
 168 00a4 0793     		str	r3, [sp, #28]
  66:Core/Src/gpio.c ****   GPIO_InitStruct.Mode = GPIO_MODE_ANALOG;
 169              		.loc 1 66 3 is_stmt 1 view .LVU49
 170              		.loc 1 66 24 is_stmt 0 view .LVU50
 171 00a6 0325     		movs	r5, #3
 172 00a8 0895     		str	r5, [sp, #32]
  67:Core/Src/gpio.c ****   GPIO_InitStruct.Pull = GPIO_NOPULL;
 173              		.loc 1 67 3 is_stmt 1 view .LVU51
 174              		.loc 1 67 24 is_stmt 0 view .LVU52
 175 00aa 0994     		str	r4, [sp, #36]
  68:Core/Src/gpio.c ****   HAL_GPIO_Init(GPIOG, &GPIO_InitStruct);
 176              		.loc 1 68 3 is_stmt 1 view .LVU53
 177 00ac 07A9     		add	r1, sp, #28
 178 00ae 2148     		ldr	r0, .L3+12
 179 00b0 FFF7FEFF 		bl	HAL_GPIO_Init
 180              	.LVL2:
  69:Core/Src/gpio.c **** 
  70:Core/Src/gpio.c ****   /*Configure GPIO pins : PC0 PC1 PC2 PC3
  71:Core/Src/gpio.c ****                            PC4 PC5 PC6 PC7
  72:Core/Src/gpio.c ****                            PC8 PC9 PC10 PC11
  73:Core/Src/gpio.c ****                            PC12 */
  74:Core/Src/gpio.c ****   GPIO_InitStruct.Pin = GPIO_PIN_0|GPIO_PIN_1|GPIO_PIN_2|GPIO_PIN_3
 181              		.loc 1 74 3 view .LVU54
 182              		.loc 1 74 23 is_stmt 0 view .LVU55
 183 00b4 41F6FF73 		movw	r3, #8191
 184 00b8 0793     		str	r3, [sp, #28]
  75:Core/Src/gpio.c ****                           |GPIO_PIN_4|GPIO_PIN_5|GPIO_PIN_6|GPIO_PIN_7
  76:Core/Src/gpio.c ****                           |GPIO_PIN_8|GPIO_PIN_9|GPIO_PIN_10|GPIO_PIN_11
  77:Core/Src/gpio.c ****                           |GPIO_PIN_12;
  78:Core/Src/gpio.c ****   GPIO_InitStruct.Mode = GPIO_MODE_ANALOG;
 185              		.loc 1 78 3 is_stmt 1 view .LVU56
 186              		.loc 1 78 24 is_stmt 0 view .LVU57
 187 00ba 0895     		str	r5, [sp, #32]
  79:Core/Src/gpio.c ****   GPIO_InitStruct.Pull = GPIO_NOPULL;
 188              		.loc 1 79 3 is_stmt 1 view .LVU58
 189              		.loc 1 79 24 is_stmt 0 view .LVU59
 190 00bc 0994     		str	r4, [sp, #36]
  80:Core/Src/gpio.c ****   HAL_GPIO_Init(GPIOC, &GPIO_InitStruct);
 191              		.loc 1 80 3 is_stmt 1 view .LVU60
 192 00be 07A9     		add	r1, sp, #28
 193 00c0 3046     		mov	r0, r6
 194 00c2 FFF7FEFF 		bl	HAL_GPIO_Init
 195              	.LVL3:
  81:Core/Src/gpio.c **** 
  82:Core/Src/gpio.c ****   /*Configure GPIO pins : PA0 PA1 PA4 PA7
  83:Core/Src/gpio.c ****                            PA8 PA9 PA10 PA11
  84:Core/Src/gpio.c ****                            PA12 PA15 */
  85:Core/Src/gpio.c ****   GPIO_InitStruct.Pin = GPIO_PIN_0|GPIO_PIN_1|GPIO_PIN_4|GPIO_PIN_7
 196              		.loc 1 85 3 view .LVU61
 197              		.loc 1 85 23 is_stmt 0 view .LVU62
 198 00c6 49F69373 		movw	r3, #40851
 199 00ca 0793     		str	r3, [sp, #28]
  86:Core/Src/gpio.c ****                           |GPIO_PIN_8|GPIO_PIN_9|GPIO_PIN_10|GPIO_PIN_11
  87:Core/Src/gpio.c ****                           |GPIO_PIN_12|GPIO_PIN_15;
ARM GAS  /tmp/ccduFGvb.s 			page 6


  88:Core/Src/gpio.c ****   GPIO_InitStruct.Mode = GPIO_MODE_ANALOG;
 200              		.loc 1 88 3 is_stmt 1 view .LVU63
 201              		.loc 1 88 24 is_stmt 0 view .LVU64
 202 00cc 0895     		str	r5, [sp, #32]
  89:Core/Src/gpio.c ****   GPIO_InitStruct.Pull = GPIO_NOPULL;
 203              		.loc 1 89 3 is_stmt 1 view .LVU65
 204              		.loc 1 89 24 is_stmt 0 view .LVU66
 205 00ce 0994     		str	r4, [sp, #36]
  90:Core/Src/gpio.c ****   HAL_GPIO_Init(GPIOA, &GPIO_InitStruct);
 206              		.loc 1 90 3 is_stmt 1 view .LVU67
 207 00d0 07A9     		add	r1, sp, #28
 208 00d2 4FF09040 		mov	r0, #1207959552
 209 00d6 FFF7FEFF 		bl	HAL_GPIO_Init
 210              	.LVL4:
  91:Core/Src/gpio.c **** 
  92:Core/Src/gpio.c ****   /*Configure GPIO pin : PA5 */
  93:Core/Src/gpio.c ****   GPIO_InitStruct.Pin = GPIO_PIN_5;
 211              		.loc 1 93 3 view .LVU68
 212              		.loc 1 93 23 is_stmt 0 view .LVU69
 213 00da 2023     		movs	r3, #32
 214 00dc 0793     		str	r3, [sp, #28]
  94:Core/Src/gpio.c ****   GPIO_InitStruct.Mode = GPIO_MODE_OUTPUT_PP;
 215              		.loc 1 94 3 is_stmt 1 view .LVU70
 216              		.loc 1 94 24 is_stmt 0 view .LVU71
 217 00de 0123     		movs	r3, #1
 218 00e0 0893     		str	r3, [sp, #32]
  95:Core/Src/gpio.c ****   GPIO_InitStruct.Pull = GPIO_NOPULL;
 219              		.loc 1 95 3 is_stmt 1 view .LVU72
 220              		.loc 1 95 24 is_stmt 0 view .LVU73
 221 00e2 0994     		str	r4, [sp, #36]
  96:Core/Src/gpio.c ****   GPIO_InitStruct.Speed = GPIO_SPEED_FREQ_LOW;
 222              		.loc 1 96 3 is_stmt 1 view .LVU74
 223              		.loc 1 96 25 is_stmt 0 view .LVU75
 224 00e4 0A94     		str	r4, [sp, #40]
  97:Core/Src/gpio.c ****   HAL_GPIO_Init(GPIOA, &GPIO_InitStruct);
 225              		.loc 1 97 3 is_stmt 1 view .LVU76
 226 00e6 07A9     		add	r1, sp, #28
 227 00e8 4FF09040 		mov	r0, #1207959552
 228 00ec FFF7FEFF 		bl	HAL_GPIO_Init
 229              	.LVL5:
  98:Core/Src/gpio.c **** 
  99:Core/Src/gpio.c ****   /*Configure GPIO pins : PB0 PB1 PB2 PB10
 100:Core/Src/gpio.c ****                            PB11 PB12 PB13 PB14
 101:Core/Src/gpio.c ****                            PB15 PB4 PB5 PB6
 102:Core/Src/gpio.c ****                            PB7 PB8 PB9 */
 103:Core/Src/gpio.c ****   GPIO_InitStruct.Pin = GPIO_PIN_0|GPIO_PIN_1|GPIO_PIN_2|GPIO_PIN_10
 230              		.loc 1 103 3 view .LVU77
 231              		.loc 1 103 23 is_stmt 0 view .LVU78
 232 00f0 4FF6F773 		movw	r3, #65527
 233 00f4 0793     		str	r3, [sp, #28]
 104:Core/Src/gpio.c ****                           |GPIO_PIN_11|GPIO_PIN_12|GPIO_PIN_13|GPIO_PIN_14
 105:Core/Src/gpio.c ****                           |GPIO_PIN_15|GPIO_PIN_4|GPIO_PIN_5|GPIO_PIN_6
 106:Core/Src/gpio.c ****                           |GPIO_PIN_7|GPIO_PIN_8|GPIO_PIN_9;
 107:Core/Src/gpio.c ****   GPIO_InitStruct.Mode = GPIO_MODE_ANALOG;
 234              		.loc 1 107 3 is_stmt 1 view .LVU79
 235              		.loc 1 107 24 is_stmt 0 view .LVU80
 236 00f6 0895     		str	r5, [sp, #32]
ARM GAS  /tmp/ccduFGvb.s 			page 7


 108:Core/Src/gpio.c ****   GPIO_InitStruct.Pull = GPIO_NOPULL;
 237              		.loc 1 108 3 is_stmt 1 view .LVU81
 238              		.loc 1 108 24 is_stmt 0 view .LVU82
 239 00f8 0994     		str	r4, [sp, #36]
 109:Core/Src/gpio.c ****   HAL_GPIO_Init(GPIOB, &GPIO_InitStruct);
 240              		.loc 1 109 3 is_stmt 1 view .LVU83
 241 00fa 07A9     		add	r1, sp, #28
 242 00fc 0E48     		ldr	r0, .L3+16
 243 00fe FFF7FEFF 		bl	HAL_GPIO_Init
 244              	.LVL6:
 110:Core/Src/gpio.c **** 
 111:Core/Src/gpio.c ****   /*Configure GPIO pin : PD2 */
 112:Core/Src/gpio.c ****   GPIO_InitStruct.Pin = GPIO_PIN_2;
 245              		.loc 1 112 3 view .LVU84
 246              		.loc 1 112 23 is_stmt 0 view .LVU85
 247 0102 0423     		movs	r3, #4
 248 0104 0793     		str	r3, [sp, #28]
 113:Core/Src/gpio.c ****   GPIO_InitStruct.Mode = GPIO_MODE_ANALOG;
 249              		.loc 1 113 3 is_stmt 1 view .LVU86
 250              		.loc 1 113 24 is_stmt 0 view .LVU87
 251 0106 0895     		str	r5, [sp, #32]
 114:Core/Src/gpio.c ****   GPIO_InitStruct.Pull = GPIO_NOPULL;
 252              		.loc 1 114 3 is_stmt 1 view .LVU88
 253              		.loc 1 114 24 is_stmt 0 view .LVU89
 254 0108 0994     		str	r4, [sp, #36]
 115:Core/Src/gpio.c ****   HAL_GPIO_Init(GPIOD, &GPIO_InitStruct);
 255              		.loc 1 115 3 is_stmt 1 view .LVU90
 256 010a 07A9     		add	r1, sp, #28
 257 010c 0B48     		ldr	r0, .L3+20
 258 010e FFF7FEFF 		bl	HAL_GPIO_Init
 259              	.LVL7:
 116:Core/Src/gpio.c **** 
 117:Core/Src/gpio.c ****   /* EXTI interrupt init*/
 118:Core/Src/gpio.c ****   HAL_NVIC_SetPriority(EXTI15_10_IRQn, 0, 0);
 260              		.loc 1 118 3 view .LVU91
 261 0112 2246     		mov	r2, r4
 262 0114 2146     		mov	r1, r4
 263 0116 2820     		movs	r0, #40
 264 0118 FFF7FEFF 		bl	HAL_NVIC_SetPriority
 265              	.LVL8:
 119:Core/Src/gpio.c ****   HAL_NVIC_EnableIRQ(EXTI15_10_IRQn);
 266              		.loc 1 119 3 view .LVU92
 267 011c 2820     		movs	r0, #40
 268 011e FFF7FEFF 		bl	HAL_NVIC_EnableIRQ
 269              	.LVL9:
 120:Core/Src/gpio.c **** 
 121:Core/Src/gpio.c **** }
 270              		.loc 1 121 1 is_stmt 0 view .LVU93
 271 0122 0CB0     		add	sp, sp, #48
 272              	.LCFI2:
 273              		.cfi_def_cfa_offset 16
 274              		@ sp needed
 275 0124 70BD     		pop	{r4, r5, r6, pc}
 276              	.L4:
 277 0126 00BF     		.align	2
 278              	.L3:
 279 0128 00100240 		.word	1073876992
ARM GAS  /tmp/ccduFGvb.s 			page 8


 280 012c 00001110 		.word	269549568
 281 0130 00080048 		.word	1207961600
 282 0134 00180048 		.word	1207965696
 283 0138 00040048 		.word	1207960576
 284 013c 000C0048 		.word	1207962624
 285              		.cfi_endproc
 286              	.LFE132:
 288              		.text
 289              	.Letext0:
 290              		.file 2 "/usr/lib/gcc/arm-none-eabi/9.2.1/include/stdint.h"
 291              		.file 3 "Drivers/CMSIS/Include/core_cm4.h"
 292              		.file 4 "Drivers/CMSIS/Device/ST/STM32G4xx/Include/system_stm32g4xx.h"
 293              		.file 5 "Drivers/CMSIS/Device/ST/STM32G4xx/Include/stm32g474xx.h"
 294              		.file 6 "Drivers/STM32G4xx_HAL_Driver/Inc/stm32g4xx_hal_def.h"
 295              		.file 7 "Drivers/STM32G4xx_HAL_Driver/Inc/stm32g4xx_hal_gpio.h"
 296              		.file 8 "Drivers/STM32G4xx_HAL_Driver/Inc/stm32g4xx_hal_flash.h"
 297              		.file 9 "Drivers/STM32G4xx_HAL_Driver/Inc/stm32g4xx_hal_uart.h"
 298              		.file 10 "Drivers/STM32G4xx_HAL_Driver/Inc/stm32g4xx_hal.h"
 299              		.file 11 "Drivers/STM32G4xx_HAL_Driver/Inc/stm32g4xx_hal_cortex.h"
ARM GAS  /tmp/ccduFGvb.s 			page 9


DEFINED SYMBOLS
                            *ABS*:0000000000000000 gpio.c
     /tmp/ccduFGvb.s:18     .text.MX_GPIO_Init:0000000000000000 $t
     /tmp/ccduFGvb.s:26     .text.MX_GPIO_Init:0000000000000000 MX_GPIO_Init
     /tmp/ccduFGvb.s:279    .text.MX_GPIO_Init:0000000000000128 $d

UNDEFINED SYMBOLS
HAL_GPIO_WritePin
HAL_GPIO_Init
HAL_NVIC_SetPriority
HAL_NVIC_EnableIRQ
