ARM GAS  /tmp/ccynAVaS.s 			page 1


   1              		.cpu cortex-m4
   2              		.eabi_attribute 27, 1
   3              		.eabi_attribute 28, 1
   4              		.eabi_attribute 20, 1
   5              		.eabi_attribute 21, 1
   6              		.eabi_attribute 23, 3
   7              		.eabi_attribute 24, 1
   8              		.eabi_attribute 25, 1
   9              		.eabi_attribute 26, 1
  10              		.eabi_attribute 30, 1
  11              		.eabi_attribute 34, 1
  12              		.eabi_attribute 18, 4
  13              		.file	"stm32g4xx_it.c"
  14              		.text
  15              	.Ltext0:
  16              		.cfi_sections	.debug_frame
  17              		.section	.text.NMI_Handler,"ax",%progbits
  18              		.align	1
  19              		.global	NMI_Handler
  20              		.arch armv7e-m
  21              		.syntax unified
  22              		.thumb
  23              		.thumb_func
  24              		.fpu fpv4-sp-d16
  26              	NMI_Handler:
  27              	.LFB132:
  28              		.file 1 "Core/Src/stm32g4xx_it.c"
   1:Core/Src/stm32g4xx_it.c **** /* USER CODE BEGIN Header */
   2:Core/Src/stm32g4xx_it.c **** /**
   3:Core/Src/stm32g4xx_it.c ****   ******************************************************************************
   4:Core/Src/stm32g4xx_it.c ****   * @file    stm32g4xx_it.c
   5:Core/Src/stm32g4xx_it.c ****   * @brief   Interrupt Service Routines.
   6:Core/Src/stm32g4xx_it.c ****   ******************************************************************************
   7:Core/Src/stm32g4xx_it.c ****   * @attention
   8:Core/Src/stm32g4xx_it.c ****   *
   9:Core/Src/stm32g4xx_it.c ****   * <h2><center>&copy; Copyright (c) 2021 STMicroelectronics.
  10:Core/Src/stm32g4xx_it.c ****   * All rights reserved.</center></h2>
  11:Core/Src/stm32g4xx_it.c ****   *
  12:Core/Src/stm32g4xx_it.c ****   * This software component is licensed by ST under BSD 3-Clause license,
  13:Core/Src/stm32g4xx_it.c ****   * the "License"; You may not use this file except in compliance with the
  14:Core/Src/stm32g4xx_it.c ****   * License. You may obtain a copy of the License at:
  15:Core/Src/stm32g4xx_it.c ****   *                        opensource.org/licenses/BSD-3-Clause
  16:Core/Src/stm32g4xx_it.c ****   *
  17:Core/Src/stm32g4xx_it.c ****   ******************************************************************************
  18:Core/Src/stm32g4xx_it.c ****   */
  19:Core/Src/stm32g4xx_it.c **** /* USER CODE END Header */
  20:Core/Src/stm32g4xx_it.c **** 
  21:Core/Src/stm32g4xx_it.c **** /* Includes ------------------------------------------------------------------*/
  22:Core/Src/stm32g4xx_it.c **** #include "main.h"
  23:Core/Src/stm32g4xx_it.c **** #include "stm32g4xx_it.h"
  24:Core/Src/stm32g4xx_it.c **** /* Private includes ----------------------------------------------------------*/
  25:Core/Src/stm32g4xx_it.c **** /* USER CODE BEGIN Includes */
  26:Core/Src/stm32g4xx_it.c **** /* USER CODE END Includes */
  27:Core/Src/stm32g4xx_it.c **** 
  28:Core/Src/stm32g4xx_it.c **** /* Private typedef -----------------------------------------------------------*/
  29:Core/Src/stm32g4xx_it.c **** /* USER CODE BEGIN TD */
  30:Core/Src/stm32g4xx_it.c **** 
ARM GAS  /tmp/ccynAVaS.s 			page 2


  31:Core/Src/stm32g4xx_it.c **** /* USER CODE END TD */
  32:Core/Src/stm32g4xx_it.c **** 
  33:Core/Src/stm32g4xx_it.c **** /* Private define ------------------------------------------------------------*/
  34:Core/Src/stm32g4xx_it.c **** /* USER CODE BEGIN PD */
  35:Core/Src/stm32g4xx_it.c **** 
  36:Core/Src/stm32g4xx_it.c **** /* USER CODE END PD */
  37:Core/Src/stm32g4xx_it.c **** 
  38:Core/Src/stm32g4xx_it.c **** /* Private macro -------------------------------------------------------------*/
  39:Core/Src/stm32g4xx_it.c **** /* USER CODE BEGIN PM */
  40:Core/Src/stm32g4xx_it.c **** 
  41:Core/Src/stm32g4xx_it.c **** /* USER CODE END PM */
  42:Core/Src/stm32g4xx_it.c **** 
  43:Core/Src/stm32g4xx_it.c **** /* Private variables ---------------------------------------------------------*/
  44:Core/Src/stm32g4xx_it.c **** /* USER CODE BEGIN PV */
  45:Core/Src/stm32g4xx_it.c **** 
  46:Core/Src/stm32g4xx_it.c **** /* USER CODE END PV */
  47:Core/Src/stm32g4xx_it.c **** 
  48:Core/Src/stm32g4xx_it.c **** /* Private function prototypes -----------------------------------------------*/
  49:Core/Src/stm32g4xx_it.c **** /* USER CODE BEGIN PFP */
  50:Core/Src/stm32g4xx_it.c **** 
  51:Core/Src/stm32g4xx_it.c **** /* USER CODE END PFP */
  52:Core/Src/stm32g4xx_it.c **** 
  53:Core/Src/stm32g4xx_it.c **** /* Private user code ---------------------------------------------------------*/
  54:Core/Src/stm32g4xx_it.c **** /* USER CODE BEGIN 0 */
  55:Core/Src/stm32g4xx_it.c **** 
  56:Core/Src/stm32g4xx_it.c **** /* USER CODE END 0 */
  57:Core/Src/stm32g4xx_it.c **** 
  58:Core/Src/stm32g4xx_it.c **** /* External variables --------------------------------------------------------*/
  59:Core/Src/stm32g4xx_it.c **** extern DMA_HandleTypeDef hdma_dac2_ch1;
  60:Core/Src/stm32g4xx_it.c **** extern DAC_HandleTypeDef hdac2;
  61:Core/Src/stm32g4xx_it.c **** /* USER CODE BEGIN EV */
  62:Core/Src/stm32g4xx_it.c **** 
  63:Core/Src/stm32g4xx_it.c **** /* USER CODE END EV */
  64:Core/Src/stm32g4xx_it.c **** 
  65:Core/Src/stm32g4xx_it.c **** /******************************************************************************/
  66:Core/Src/stm32g4xx_it.c **** /*           Cortex-M4 Processor Interruption and Exception Handlers          */
  67:Core/Src/stm32g4xx_it.c **** /******************************************************************************/
  68:Core/Src/stm32g4xx_it.c **** /**
  69:Core/Src/stm32g4xx_it.c ****   * @brief This function handles Non maskable interrupt.
  70:Core/Src/stm32g4xx_it.c ****   */
  71:Core/Src/stm32g4xx_it.c **** void NMI_Handler(void)
  72:Core/Src/stm32g4xx_it.c **** {
  29              		.loc 1 72 1 view -0
  30              		.cfi_startproc
  31              		@ args = 0, pretend = 0, frame = 0
  32              		@ frame_needed = 0, uses_anonymous_args = 0
  33              		@ link register save eliminated.
  73:Core/Src/stm32g4xx_it.c ****   /* USER CODE BEGIN NonMaskableInt_IRQn 0 */
  74:Core/Src/stm32g4xx_it.c **** 
  75:Core/Src/stm32g4xx_it.c ****   /* USER CODE END NonMaskableInt_IRQn 0 */
  76:Core/Src/stm32g4xx_it.c ****   /* USER CODE BEGIN NonMaskableInt_IRQn 1 */
  77:Core/Src/stm32g4xx_it.c **** 
  78:Core/Src/stm32g4xx_it.c ****   /* USER CODE END NonMaskableInt_IRQn 1 */
  79:Core/Src/stm32g4xx_it.c **** }
  34              		.loc 1 79 1 view .LVU1
  35 0000 7047     		bx	lr
  36              		.cfi_endproc
ARM GAS  /tmp/ccynAVaS.s 			page 3


  37              	.LFE132:
  39              		.section	.text.HardFault_Handler,"ax",%progbits
  40              		.align	1
  41              		.global	HardFault_Handler
  42              		.syntax unified
  43              		.thumb
  44              		.thumb_func
  45              		.fpu fpv4-sp-d16
  47              	HardFault_Handler:
  48              	.LFB133:
  80:Core/Src/stm32g4xx_it.c **** 
  81:Core/Src/stm32g4xx_it.c **** /**
  82:Core/Src/stm32g4xx_it.c ****   * @brief This function handles Hard fault interrupt.
  83:Core/Src/stm32g4xx_it.c ****   */
  84:Core/Src/stm32g4xx_it.c **** void HardFault_Handler(void)
  85:Core/Src/stm32g4xx_it.c **** {
  49              		.loc 1 85 1 view -0
  50              		.cfi_startproc
  51              		@ Volatile: function does not return.
  52              		@ args = 0, pretend = 0, frame = 0
  53              		@ frame_needed = 0, uses_anonymous_args = 0
  54              		@ link register save eliminated.
  55              	.L3:
  86:Core/Src/stm32g4xx_it.c ****   /* USER CODE BEGIN HardFault_IRQn 0 */
  87:Core/Src/stm32g4xx_it.c **** 
  88:Core/Src/stm32g4xx_it.c ****   /* USER CODE END HardFault_IRQn 0 */
  89:Core/Src/stm32g4xx_it.c ****   while (1)
  56              		.loc 1 89 3 discriminator 1 view .LVU3
  90:Core/Src/stm32g4xx_it.c ****   {
  91:Core/Src/stm32g4xx_it.c ****     /* USER CODE BEGIN W1_HardFault_IRQn 0 */
  92:Core/Src/stm32g4xx_it.c ****     /* USER CODE END W1_HardFault_IRQn 0 */
  93:Core/Src/stm32g4xx_it.c ****   }
  57              		.loc 1 93 3 discriminator 1 view .LVU4
  89:Core/Src/stm32g4xx_it.c ****   {
  58              		.loc 1 89 9 discriminator 1 view .LVU5
  59 0000 FEE7     		b	.L3
  60              		.cfi_endproc
  61              	.LFE133:
  63              		.section	.text.MemManage_Handler,"ax",%progbits
  64              		.align	1
  65              		.global	MemManage_Handler
  66              		.syntax unified
  67              		.thumb
  68              		.thumb_func
  69              		.fpu fpv4-sp-d16
  71              	MemManage_Handler:
  72              	.LFB134:
  94:Core/Src/stm32g4xx_it.c **** }
  95:Core/Src/stm32g4xx_it.c **** 
  96:Core/Src/stm32g4xx_it.c **** /**
  97:Core/Src/stm32g4xx_it.c ****   * @brief This function handles Memory management fault.
  98:Core/Src/stm32g4xx_it.c ****   */
  99:Core/Src/stm32g4xx_it.c **** void MemManage_Handler(void)
 100:Core/Src/stm32g4xx_it.c **** {
  73              		.loc 1 100 1 view -0
  74              		.cfi_startproc
  75              		@ Volatile: function does not return.
ARM GAS  /tmp/ccynAVaS.s 			page 4


  76              		@ args = 0, pretend = 0, frame = 0
  77              		@ frame_needed = 0, uses_anonymous_args = 0
  78              		@ link register save eliminated.
  79              	.L5:
 101:Core/Src/stm32g4xx_it.c ****   /* USER CODE BEGIN MemoryManagement_IRQn 0 */
 102:Core/Src/stm32g4xx_it.c **** 
 103:Core/Src/stm32g4xx_it.c ****   /* USER CODE END MemoryManagement_IRQn 0 */
 104:Core/Src/stm32g4xx_it.c ****   while (1)
  80              		.loc 1 104 3 discriminator 1 view .LVU7
 105:Core/Src/stm32g4xx_it.c ****   {
 106:Core/Src/stm32g4xx_it.c ****     /* USER CODE BEGIN W1_MemoryManagement_IRQn 0 */
 107:Core/Src/stm32g4xx_it.c ****     /* USER CODE END W1_MemoryManagement_IRQn 0 */
 108:Core/Src/stm32g4xx_it.c ****   }
  81              		.loc 1 108 3 discriminator 1 view .LVU8
 104:Core/Src/stm32g4xx_it.c ****   {
  82              		.loc 1 104 9 discriminator 1 view .LVU9
  83 0000 FEE7     		b	.L5
  84              		.cfi_endproc
  85              	.LFE134:
  87              		.section	.text.BusFault_Handler,"ax",%progbits
  88              		.align	1
  89              		.global	BusFault_Handler
  90              		.syntax unified
  91              		.thumb
  92              		.thumb_func
  93              		.fpu fpv4-sp-d16
  95              	BusFault_Handler:
  96              	.LFB135:
 109:Core/Src/stm32g4xx_it.c **** }
 110:Core/Src/stm32g4xx_it.c **** 
 111:Core/Src/stm32g4xx_it.c **** /**
 112:Core/Src/stm32g4xx_it.c ****   * @brief This function handles Prefetch fault, memory access fault.
 113:Core/Src/stm32g4xx_it.c ****   */
 114:Core/Src/stm32g4xx_it.c **** void BusFault_Handler(void)
 115:Core/Src/stm32g4xx_it.c **** {
  97              		.loc 1 115 1 view -0
  98              		.cfi_startproc
  99              		@ Volatile: function does not return.
 100              		@ args = 0, pretend = 0, frame = 0
 101              		@ frame_needed = 0, uses_anonymous_args = 0
 102              		@ link register save eliminated.
 103              	.L7:
 116:Core/Src/stm32g4xx_it.c ****   /* USER CODE BEGIN BusFault_IRQn 0 */
 117:Core/Src/stm32g4xx_it.c **** 
 118:Core/Src/stm32g4xx_it.c ****   /* USER CODE END BusFault_IRQn 0 */
 119:Core/Src/stm32g4xx_it.c ****   while (1)
 104              		.loc 1 119 3 discriminator 1 view .LVU11
 120:Core/Src/stm32g4xx_it.c ****   {
 121:Core/Src/stm32g4xx_it.c ****     /* USER CODE BEGIN W1_BusFault_IRQn 0 */
 122:Core/Src/stm32g4xx_it.c ****     /* USER CODE END W1_BusFault_IRQn 0 */
 123:Core/Src/stm32g4xx_it.c ****   }
 105              		.loc 1 123 3 discriminator 1 view .LVU12
 119:Core/Src/stm32g4xx_it.c ****   {
 106              		.loc 1 119 9 discriminator 1 view .LVU13
 107 0000 FEE7     		b	.L7
 108              		.cfi_endproc
 109              	.LFE135:
ARM GAS  /tmp/ccynAVaS.s 			page 5


 111              		.section	.text.UsageFault_Handler,"ax",%progbits
 112              		.align	1
 113              		.global	UsageFault_Handler
 114              		.syntax unified
 115              		.thumb
 116              		.thumb_func
 117              		.fpu fpv4-sp-d16
 119              	UsageFault_Handler:
 120              	.LFB136:
 124:Core/Src/stm32g4xx_it.c **** }
 125:Core/Src/stm32g4xx_it.c **** 
 126:Core/Src/stm32g4xx_it.c **** /**
 127:Core/Src/stm32g4xx_it.c ****   * @brief This function handles Undefined instruction or illegal state.
 128:Core/Src/stm32g4xx_it.c ****   */
 129:Core/Src/stm32g4xx_it.c **** void UsageFault_Handler(void)
 130:Core/Src/stm32g4xx_it.c **** {
 121              		.loc 1 130 1 view -0
 122              		.cfi_startproc
 123              		@ Volatile: function does not return.
 124              		@ args = 0, pretend = 0, frame = 0
 125              		@ frame_needed = 0, uses_anonymous_args = 0
 126              		@ link register save eliminated.
 127              	.L9:
 131:Core/Src/stm32g4xx_it.c ****   /* USER CODE BEGIN UsageFault_IRQn 0 */
 132:Core/Src/stm32g4xx_it.c **** 
 133:Core/Src/stm32g4xx_it.c ****   /* USER CODE END UsageFault_IRQn 0 */
 134:Core/Src/stm32g4xx_it.c ****   while (1)
 128              		.loc 1 134 3 discriminator 1 view .LVU15
 135:Core/Src/stm32g4xx_it.c ****   {
 136:Core/Src/stm32g4xx_it.c ****     /* USER CODE BEGIN W1_UsageFault_IRQn 0 */
 137:Core/Src/stm32g4xx_it.c ****     /* USER CODE END W1_UsageFault_IRQn 0 */
 138:Core/Src/stm32g4xx_it.c ****   }
 129              		.loc 1 138 3 discriminator 1 view .LVU16
 134:Core/Src/stm32g4xx_it.c ****   {
 130              		.loc 1 134 9 discriminator 1 view .LVU17
 131 0000 FEE7     		b	.L9
 132              		.cfi_endproc
 133              	.LFE136:
 135              		.section	.text.SVC_Handler,"ax",%progbits
 136              		.align	1
 137              		.global	SVC_Handler
 138              		.syntax unified
 139              		.thumb
 140              		.thumb_func
 141              		.fpu fpv4-sp-d16
 143              	SVC_Handler:
 144              	.LFB137:
 139:Core/Src/stm32g4xx_it.c **** }
 140:Core/Src/stm32g4xx_it.c **** 
 141:Core/Src/stm32g4xx_it.c **** /**
 142:Core/Src/stm32g4xx_it.c ****   * @brief This function handles System service call via SWI instruction.
 143:Core/Src/stm32g4xx_it.c ****   */
 144:Core/Src/stm32g4xx_it.c **** void SVC_Handler(void)
 145:Core/Src/stm32g4xx_it.c **** {
 145              		.loc 1 145 1 view -0
 146              		.cfi_startproc
 147              		@ args = 0, pretend = 0, frame = 0
ARM GAS  /tmp/ccynAVaS.s 			page 6


 148              		@ frame_needed = 0, uses_anonymous_args = 0
 149              		@ link register save eliminated.
 146:Core/Src/stm32g4xx_it.c ****   /* USER CODE BEGIN SVCall_IRQn 0 */
 147:Core/Src/stm32g4xx_it.c **** 
 148:Core/Src/stm32g4xx_it.c ****   /* USER CODE END SVCall_IRQn 0 */
 149:Core/Src/stm32g4xx_it.c ****   /* USER CODE BEGIN SVCall_IRQn 1 */
 150:Core/Src/stm32g4xx_it.c **** 
 151:Core/Src/stm32g4xx_it.c ****   /* USER CODE END SVCall_IRQn 1 */
 152:Core/Src/stm32g4xx_it.c **** }
 150              		.loc 1 152 1 view .LVU19
 151 0000 7047     		bx	lr
 152              		.cfi_endproc
 153              	.LFE137:
 155              		.section	.text.DebugMon_Handler,"ax",%progbits
 156              		.align	1
 157              		.global	DebugMon_Handler
 158              		.syntax unified
 159              		.thumb
 160              		.thumb_func
 161              		.fpu fpv4-sp-d16
 163              	DebugMon_Handler:
 164              	.LFB138:
 153:Core/Src/stm32g4xx_it.c **** 
 154:Core/Src/stm32g4xx_it.c **** /**
 155:Core/Src/stm32g4xx_it.c ****   * @brief This function handles Debug monitor.
 156:Core/Src/stm32g4xx_it.c ****   */
 157:Core/Src/stm32g4xx_it.c **** void DebugMon_Handler(void)
 158:Core/Src/stm32g4xx_it.c **** {
 165              		.loc 1 158 1 view -0
 166              		.cfi_startproc
 167              		@ args = 0, pretend = 0, frame = 0
 168              		@ frame_needed = 0, uses_anonymous_args = 0
 169              		@ link register save eliminated.
 159:Core/Src/stm32g4xx_it.c ****   /* USER CODE BEGIN DebugMonitor_IRQn 0 */
 160:Core/Src/stm32g4xx_it.c **** 
 161:Core/Src/stm32g4xx_it.c ****   /* USER CODE END DebugMonitor_IRQn 0 */
 162:Core/Src/stm32g4xx_it.c ****   /* USER CODE BEGIN DebugMonitor_IRQn 1 */
 163:Core/Src/stm32g4xx_it.c **** 
 164:Core/Src/stm32g4xx_it.c ****   /* USER CODE END DebugMonitor_IRQn 1 */
 165:Core/Src/stm32g4xx_it.c **** }
 170              		.loc 1 165 1 view .LVU21
 171 0000 7047     		bx	lr
 172              		.cfi_endproc
 173              	.LFE138:
 175              		.section	.text.PendSV_Handler,"ax",%progbits
 176              		.align	1
 177              		.global	PendSV_Handler
 178              		.syntax unified
 179              		.thumb
 180              		.thumb_func
 181              		.fpu fpv4-sp-d16
 183              	PendSV_Handler:
 184              	.LFB139:
 166:Core/Src/stm32g4xx_it.c **** 
 167:Core/Src/stm32g4xx_it.c **** /**
 168:Core/Src/stm32g4xx_it.c ****   * @brief This function handles Pendable request for system service.
 169:Core/Src/stm32g4xx_it.c ****   */
ARM GAS  /tmp/ccynAVaS.s 			page 7


 170:Core/Src/stm32g4xx_it.c **** void PendSV_Handler(void)
 171:Core/Src/stm32g4xx_it.c **** {
 185              		.loc 1 171 1 view -0
 186              		.cfi_startproc
 187              		@ args = 0, pretend = 0, frame = 0
 188              		@ frame_needed = 0, uses_anonymous_args = 0
 189              		@ link register save eliminated.
 172:Core/Src/stm32g4xx_it.c ****   /* USER CODE BEGIN PendSV_IRQn 0 */
 173:Core/Src/stm32g4xx_it.c **** 
 174:Core/Src/stm32g4xx_it.c ****   /* USER CODE END PendSV_IRQn 0 */
 175:Core/Src/stm32g4xx_it.c ****   /* USER CODE BEGIN PendSV_IRQn 1 */
 176:Core/Src/stm32g4xx_it.c **** 
 177:Core/Src/stm32g4xx_it.c ****   /* USER CODE END PendSV_IRQn 1 */
 178:Core/Src/stm32g4xx_it.c **** }
 190              		.loc 1 178 1 view .LVU23
 191 0000 7047     		bx	lr
 192              		.cfi_endproc
 193              	.LFE139:
 195              		.section	.text.SysTick_Handler,"ax",%progbits
 196              		.align	1
 197              		.global	SysTick_Handler
 198              		.syntax unified
 199              		.thumb
 200              		.thumb_func
 201              		.fpu fpv4-sp-d16
 203              	SysTick_Handler:
 204              	.LFB140:
 179:Core/Src/stm32g4xx_it.c **** 
 180:Core/Src/stm32g4xx_it.c **** /**
 181:Core/Src/stm32g4xx_it.c ****   * @brief This function handles System tick timer.
 182:Core/Src/stm32g4xx_it.c ****   */
 183:Core/Src/stm32g4xx_it.c **** void SysTick_Handler(void)
 184:Core/Src/stm32g4xx_it.c **** {
 205              		.loc 1 184 1 view -0
 206              		.cfi_startproc
 207              		@ args = 0, pretend = 0, frame = 0
 208              		@ frame_needed = 0, uses_anonymous_args = 0
 209 0000 08B5     		push	{r3, lr}
 210              	.LCFI0:
 211              		.cfi_def_cfa_offset 8
 212              		.cfi_offset 3, -8
 213              		.cfi_offset 14, -4
 185:Core/Src/stm32g4xx_it.c ****   /* USER CODE BEGIN SysTick_IRQn 0 */
 186:Core/Src/stm32g4xx_it.c **** 
 187:Core/Src/stm32g4xx_it.c ****   /* USER CODE END SysTick_IRQn 0 */
 188:Core/Src/stm32g4xx_it.c ****   HAL_IncTick();
 214              		.loc 1 188 3 view .LVU25
 215 0002 FFF7FEFF 		bl	HAL_IncTick
 216              	.LVL0:
 189:Core/Src/stm32g4xx_it.c ****   /* USER CODE BEGIN SysTick_IRQn 1 */
 190:Core/Src/stm32g4xx_it.c **** 
 191:Core/Src/stm32g4xx_it.c ****   /* USER CODE END SysTick_IRQn 1 */
 192:Core/Src/stm32g4xx_it.c **** }
 217              		.loc 1 192 1 is_stmt 0 view .LVU26
 218 0006 08BD     		pop	{r3, pc}
 219              		.cfi_endproc
 220              	.LFE140:
ARM GAS  /tmp/ccynAVaS.s 			page 8


 222              		.section	.text.DMA1_Channel1_IRQHandler,"ax",%progbits
 223              		.align	1
 224              		.global	DMA1_Channel1_IRQHandler
 225              		.syntax unified
 226              		.thumb
 227              		.thumb_func
 228              		.fpu fpv4-sp-d16
 230              	DMA1_Channel1_IRQHandler:
 231              	.LFB141:
 193:Core/Src/stm32g4xx_it.c **** 
 194:Core/Src/stm32g4xx_it.c **** /******************************************************************************/
 195:Core/Src/stm32g4xx_it.c **** /* STM32G4xx Peripheral Interrupt Handlers                                    */
 196:Core/Src/stm32g4xx_it.c **** /* Add here the Interrupt Handlers for the used peripherals.                  */
 197:Core/Src/stm32g4xx_it.c **** /* For the available peripheral interrupt handler names,                      */
 198:Core/Src/stm32g4xx_it.c **** /* please refer to the startup file (startup_stm32g4xx.s).                    */
 199:Core/Src/stm32g4xx_it.c **** /******************************************************************************/
 200:Core/Src/stm32g4xx_it.c **** 
 201:Core/Src/stm32g4xx_it.c **** /**
 202:Core/Src/stm32g4xx_it.c ****   * @brief This function handles DMA1 channel1 global interrupt.
 203:Core/Src/stm32g4xx_it.c ****   */
 204:Core/Src/stm32g4xx_it.c **** void DMA1_Channel1_IRQHandler(void)
 205:Core/Src/stm32g4xx_it.c **** {
 232              		.loc 1 205 1 is_stmt 1 view -0
 233              		.cfi_startproc
 234              		@ args = 0, pretend = 0, frame = 0
 235              		@ frame_needed = 0, uses_anonymous_args = 0
 236 0000 08B5     		push	{r3, lr}
 237              	.LCFI1:
 238              		.cfi_def_cfa_offset 8
 239              		.cfi_offset 3, -8
 240              		.cfi_offset 14, -4
 206:Core/Src/stm32g4xx_it.c ****   /* USER CODE BEGIN DMA1_Channel1_IRQn 0 */
 207:Core/Src/stm32g4xx_it.c **** 
 208:Core/Src/stm32g4xx_it.c ****   /* USER CODE END DMA1_Channel1_IRQn 0 */
 209:Core/Src/stm32g4xx_it.c ****   HAL_DMA_IRQHandler(&hdma_dac2_ch1);
 241              		.loc 1 209 3 view .LVU28
 242 0002 0248     		ldr	r0, .L17
 243 0004 FFF7FEFF 		bl	HAL_DMA_IRQHandler
 244              	.LVL1:
 210:Core/Src/stm32g4xx_it.c ****   /* USER CODE BEGIN DMA1_Channel1_IRQn 1 */
 211:Core/Src/stm32g4xx_it.c **** 
 212:Core/Src/stm32g4xx_it.c ****   /* USER CODE END DMA1_Channel1_IRQn 1 */
 213:Core/Src/stm32g4xx_it.c **** }
 245              		.loc 1 213 1 is_stmt 0 view .LVU29
 246 0008 08BD     		pop	{r3, pc}
 247              	.L18:
 248 000a 00BF     		.align	2
 249              	.L17:
 250 000c 00000000 		.word	hdma_dac2_ch1
 251              		.cfi_endproc
 252              	.LFE141:
 254              		.section	.text.EXTI15_10_IRQHandler,"ax",%progbits
 255              		.align	1
 256              		.global	EXTI15_10_IRQHandler
 257              		.syntax unified
 258              		.thumb
 259              		.thumb_func
ARM GAS  /tmp/ccynAVaS.s 			page 9


 260              		.fpu fpv4-sp-d16
 262              	EXTI15_10_IRQHandler:
 263              	.LFB142:
 214:Core/Src/stm32g4xx_it.c **** 
 215:Core/Src/stm32g4xx_it.c **** /**
 216:Core/Src/stm32g4xx_it.c ****   * @brief This function handles EXTI line[15:10] interrupts.
 217:Core/Src/stm32g4xx_it.c ****   */
 218:Core/Src/stm32g4xx_it.c **** void EXTI15_10_IRQHandler(void)
 219:Core/Src/stm32g4xx_it.c **** {
 264              		.loc 1 219 1 is_stmt 1 view -0
 265              		.cfi_startproc
 266              		@ args = 0, pretend = 0, frame = 0
 267              		@ frame_needed = 0, uses_anonymous_args = 0
 268 0000 08B5     		push	{r3, lr}
 269              	.LCFI2:
 270              		.cfi_def_cfa_offset 8
 271              		.cfi_offset 3, -8
 272              		.cfi_offset 14, -4
 220:Core/Src/stm32g4xx_it.c ****   /* USER CODE BEGIN EXTI15_10_IRQn 0 */
 221:Core/Src/stm32g4xx_it.c **** 
 222:Core/Src/stm32g4xx_it.c ****   /* USER CODE END EXTI15_10_IRQn 0 */
 223:Core/Src/stm32g4xx_it.c ****   HAL_GPIO_EXTI_IRQHandler(GPIO_PIN_13);
 273              		.loc 1 223 3 view .LVU31
 274 0002 4FF40050 		mov	r0, #8192
 275 0006 FFF7FEFF 		bl	HAL_GPIO_EXTI_IRQHandler
 276              	.LVL2:
 224:Core/Src/stm32g4xx_it.c ****   /* USER CODE BEGIN EXTI15_10_IRQn 1 */
 225:Core/Src/stm32g4xx_it.c **** 
 226:Core/Src/stm32g4xx_it.c ****   /* USER CODE END EXTI15_10_IRQn 1 */
 227:Core/Src/stm32g4xx_it.c **** }
 277              		.loc 1 227 1 is_stmt 0 view .LVU32
 278 000a 08BD     		pop	{r3, pc}
 279              		.cfi_endproc
 280              	.LFE142:
 282              		.section	.text.TIM7_DAC_IRQHandler,"ax",%progbits
 283              		.align	1
 284              		.global	TIM7_DAC_IRQHandler
 285              		.syntax unified
 286              		.thumb
 287              		.thumb_func
 288              		.fpu fpv4-sp-d16
 290              	TIM7_DAC_IRQHandler:
 291              	.LFB143:
 228:Core/Src/stm32g4xx_it.c **** 
 229:Core/Src/stm32g4xx_it.c **** /**
 230:Core/Src/stm32g4xx_it.c ****   * @brief This function handles TIM7 global interrupt, DAC2 and DAC4 channel underrun error interr
 231:Core/Src/stm32g4xx_it.c ****   */
 232:Core/Src/stm32g4xx_it.c **** void TIM7_DAC_IRQHandler(void)
 233:Core/Src/stm32g4xx_it.c **** {
 292              		.loc 1 233 1 is_stmt 1 view -0
 293              		.cfi_startproc
 294              		@ args = 0, pretend = 0, frame = 0
 295              		@ frame_needed = 0, uses_anonymous_args = 0
 296 0000 08B5     		push	{r3, lr}
 297              	.LCFI3:
 298              		.cfi_def_cfa_offset 8
 299              		.cfi_offset 3, -8
ARM GAS  /tmp/ccynAVaS.s 			page 10


 300              		.cfi_offset 14, -4
 234:Core/Src/stm32g4xx_it.c ****   /* USER CODE BEGIN TIM7_DAC_IRQn 0 */
 235:Core/Src/stm32g4xx_it.c **** 
 236:Core/Src/stm32g4xx_it.c ****   /* USER CODE END TIM7_DAC_IRQn 0 */
 237:Core/Src/stm32g4xx_it.c ****   HAL_DAC_IRQHandler(&hdac2);
 301              		.loc 1 237 3 view .LVU34
 302 0002 0248     		ldr	r0, .L23
 303 0004 FFF7FEFF 		bl	HAL_DAC_IRQHandler
 304              	.LVL3:
 238:Core/Src/stm32g4xx_it.c ****   /* USER CODE BEGIN TIM7_DAC_IRQn 1 */
 239:Core/Src/stm32g4xx_it.c **** 
 240:Core/Src/stm32g4xx_it.c ****   /* USER CODE END TIM7_DAC_IRQn 1 */
 241:Core/Src/stm32g4xx_it.c **** }
 305              		.loc 1 241 1 is_stmt 0 view .LVU35
 306 0008 08BD     		pop	{r3, pc}
 307              	.L24:
 308 000a 00BF     		.align	2
 309              	.L23:
 310 000c 00000000 		.word	hdac2
 311              		.cfi_endproc
 312              	.LFE143:
 314              		.text
 315              	.Letext0:
 316              		.file 2 "/usr/lib/gcc/arm-none-eabi/9.2.1/include/stdint.h"
 317              		.file 3 "Drivers/CMSIS/Include/core_cm4.h"
 318              		.file 4 "Drivers/CMSIS/Device/ST/STM32G4xx/Include/system_stm32g4xx.h"
 319              		.file 5 "Drivers/CMSIS/Device/ST/STM32G4xx/Include/stm32g474xx.h"
 320              		.file 6 "Drivers/STM32G4xx_HAL_Driver/Inc/stm32g4xx_hal_def.h"
 321              		.file 7 "Drivers/STM32G4xx_HAL_Driver/Inc/stm32g4xx_hal_dma.h"
 322              		.file 8 "Drivers/STM32G4xx_HAL_Driver/Inc/stm32g4xx_hal_dac.h"
 323              		.file 9 "Drivers/STM32G4xx_HAL_Driver/Inc/stm32g4xx_hal_flash.h"
 324              		.file 10 "Drivers/STM32G4xx_HAL_Driver/Inc/stm32g4xx_hal_uart.h"
 325              		.file 11 "Drivers/STM32G4xx_HAL_Driver/Inc/stm32g4xx_hal.h"
 326              		.file 12 "Drivers/STM32G4xx_HAL_Driver/Inc/stm32g4xx_hal_gpio.h"
ARM GAS  /tmp/ccynAVaS.s 			page 11


DEFINED SYMBOLS
                            *ABS*:0000000000000000 stm32g4xx_it.c
     /tmp/ccynAVaS.s:18     .text.NMI_Handler:0000000000000000 $t
     /tmp/ccynAVaS.s:26     .text.NMI_Handler:0000000000000000 NMI_Handler
     /tmp/ccynAVaS.s:40     .text.HardFault_Handler:0000000000000000 $t
     /tmp/ccynAVaS.s:47     .text.HardFault_Handler:0000000000000000 HardFault_Handler
     /tmp/ccynAVaS.s:64     .text.MemManage_Handler:0000000000000000 $t
     /tmp/ccynAVaS.s:71     .text.MemManage_Handler:0000000000000000 MemManage_Handler
     /tmp/ccynAVaS.s:88     .text.BusFault_Handler:0000000000000000 $t
     /tmp/ccynAVaS.s:95     .text.BusFault_Handler:0000000000000000 BusFault_Handler
     /tmp/ccynAVaS.s:112    .text.UsageFault_Handler:0000000000000000 $t
     /tmp/ccynAVaS.s:119    .text.UsageFault_Handler:0000000000000000 UsageFault_Handler
     /tmp/ccynAVaS.s:136    .text.SVC_Handler:0000000000000000 $t
     /tmp/ccynAVaS.s:143    .text.SVC_Handler:0000000000000000 SVC_Handler
     /tmp/ccynAVaS.s:156    .text.DebugMon_Handler:0000000000000000 $t
     /tmp/ccynAVaS.s:163    .text.DebugMon_Handler:0000000000000000 DebugMon_Handler
     /tmp/ccynAVaS.s:176    .text.PendSV_Handler:0000000000000000 $t
     /tmp/ccynAVaS.s:183    .text.PendSV_Handler:0000000000000000 PendSV_Handler
     /tmp/ccynAVaS.s:196    .text.SysTick_Handler:0000000000000000 $t
     /tmp/ccynAVaS.s:203    .text.SysTick_Handler:0000000000000000 SysTick_Handler
     /tmp/ccynAVaS.s:223    .text.DMA1_Channel1_IRQHandler:0000000000000000 $t
     /tmp/ccynAVaS.s:230    .text.DMA1_Channel1_IRQHandler:0000000000000000 DMA1_Channel1_IRQHandler
     /tmp/ccynAVaS.s:250    .text.DMA1_Channel1_IRQHandler:000000000000000c $d
     /tmp/ccynAVaS.s:255    .text.EXTI15_10_IRQHandler:0000000000000000 $t
     /tmp/ccynAVaS.s:262    .text.EXTI15_10_IRQHandler:0000000000000000 EXTI15_10_IRQHandler
     /tmp/ccynAVaS.s:283    .text.TIM7_DAC_IRQHandler:0000000000000000 $t
     /tmp/ccynAVaS.s:290    .text.TIM7_DAC_IRQHandler:0000000000000000 TIM7_DAC_IRQHandler
     /tmp/ccynAVaS.s:310    .text.TIM7_DAC_IRQHandler:000000000000000c $d

UNDEFINED SYMBOLS
HAL_IncTick
HAL_DMA_IRQHandler
hdma_dac2_ch1
HAL_GPIO_EXTI_IRQHandler
HAL_DAC_IRQHandler
hdac2
