ARM GAS  /tmp/cc9vtKyG.s 			page 1


   1              		.cpu cortex-m4
   2              		.eabi_attribute 27, 1
   3              		.eabi_attribute 28, 1
   4              		.eabi_attribute 20, 1
   5              		.eabi_attribute 21, 1
   6              		.eabi_attribute 23, 3
   7              		.eabi_attribute 24, 1
   8              		.eabi_attribute 25, 1
   9              		.eabi_attribute 26, 1
  10              		.eabi_attribute 30, 1
  11              		.eabi_attribute 34, 1
  12              		.eabi_attribute 18, 4
  13              		.file	"tim.c"
  14              		.text
  15              	.Ltext0:
  16              		.cfi_sections	.debug_frame
  17              		.section	.text.MX_TIM2_Init,"ax",%progbits
  18              		.align	1
  19              		.global	MX_TIM2_Init
  20              		.arch armv7e-m
  21              		.syntax unified
  22              		.thumb
  23              		.thumb_func
  24              		.fpu fpv4-sp-d16
  26              	MX_TIM2_Init:
  27              	.LFB132:
  28              		.file 1 "Core/Src/tim.c"
   1:Core/Src/tim.c **** /**
   2:Core/Src/tim.c ****   ******************************************************************************
   3:Core/Src/tim.c ****   * File Name          : TIM.c
   4:Core/Src/tim.c ****   * Description        : This file provides code for the configuration
   5:Core/Src/tim.c ****   *                      of the TIM instances.
   6:Core/Src/tim.c ****   ******************************************************************************
   7:Core/Src/tim.c ****   * @attention
   8:Core/Src/tim.c ****   *
   9:Core/Src/tim.c ****   * <h2><center>&copy; Copyright (c) 2021 STMicroelectronics.
  10:Core/Src/tim.c ****   * All rights reserved.</center></h2>
  11:Core/Src/tim.c ****   *
  12:Core/Src/tim.c ****   * This software component is licensed by ST under BSD 3-Clause license,
  13:Core/Src/tim.c ****   * the "License"; You may not use this file except in compliance with the
  14:Core/Src/tim.c ****   * License. You may obtain a copy of the License at:
  15:Core/Src/tim.c ****   *                        opensource.org/licenses/BSD-3-Clause
  16:Core/Src/tim.c ****   *
  17:Core/Src/tim.c ****   ******************************************************************************
  18:Core/Src/tim.c ****   */
  19:Core/Src/tim.c **** 
  20:Core/Src/tim.c **** /* Includes ------------------------------------------------------------------*/
  21:Core/Src/tim.c **** #include "tim.h"
  22:Core/Src/tim.c **** 
  23:Core/Src/tim.c **** /* USER CODE BEGIN 0 */
  24:Core/Src/tim.c **** 
  25:Core/Src/tim.c **** /* USER CODE END 0 */
  26:Core/Src/tim.c **** 
  27:Core/Src/tim.c **** TIM_HandleTypeDef htim2;
  28:Core/Src/tim.c **** 
  29:Core/Src/tim.c **** /* TIM2 init function */
  30:Core/Src/tim.c **** void MX_TIM2_Init(void)
ARM GAS  /tmp/cc9vtKyG.s 			page 2


  31:Core/Src/tim.c **** {
  29              		.loc 1 31 1 view -0
  30              		.cfi_startproc
  31              		@ args = 0, pretend = 0, frame = 32
  32              		@ frame_needed = 0, uses_anonymous_args = 0
  33 0000 00B5     		push	{lr}
  34              	.LCFI0:
  35              		.cfi_def_cfa_offset 4
  36              		.cfi_offset 14, -4
  37 0002 89B0     		sub	sp, sp, #36
  38              	.LCFI1:
  39              		.cfi_def_cfa_offset 40
  32:Core/Src/tim.c ****   TIM_ClockConfigTypeDef sClockSourceConfig = {0};
  40              		.loc 1 32 3 view .LVU1
  41              		.loc 1 32 26 is_stmt 0 view .LVU2
  42 0004 0023     		movs	r3, #0
  43 0006 0493     		str	r3, [sp, #16]
  44 0008 0593     		str	r3, [sp, #20]
  45 000a 0693     		str	r3, [sp, #24]
  46 000c 0793     		str	r3, [sp, #28]
  33:Core/Src/tim.c ****   TIM_MasterConfigTypeDef sMasterConfig = {0};
  47              		.loc 1 33 3 is_stmt 1 view .LVU3
  48              		.loc 1 33 27 is_stmt 0 view .LVU4
  49 000e 0193     		str	r3, [sp, #4]
  50 0010 0293     		str	r3, [sp, #8]
  51 0012 0393     		str	r3, [sp, #12]
  34:Core/Src/tim.c **** 
  35:Core/Src/tim.c ****   htim2.Instance = TIM2;
  52              		.loc 1 35 3 is_stmt 1 view .LVU5
  53              		.loc 1 35 18 is_stmt 0 view .LVU6
  54 0014 1548     		ldr	r0, .L9
  55 0016 4FF08042 		mov	r2, #1073741824
  56 001a 0260     		str	r2, [r0]
  36:Core/Src/tim.c ****   htim2.Init.Prescaler = 0;
  57              		.loc 1 36 3 is_stmt 1 view .LVU7
  58              		.loc 1 36 24 is_stmt 0 view .LVU8
  59 001c 4360     		str	r3, [r0, #4]
  37:Core/Src/tim.c ****   htim2.Init.CounterMode = TIM_COUNTERMODE_UP;
  60              		.loc 1 37 3 is_stmt 1 view .LVU9
  61              		.loc 1 37 26 is_stmt 0 view .LVU10
  62 001e 8360     		str	r3, [r0, #8]
  38:Core/Src/tim.c ****   htim2.Init.Period = 642;
  63              		.loc 1 38 3 is_stmt 1 view .LVU11
  64              		.loc 1 38 21 is_stmt 0 view .LVU12
  65 0020 40F28222 		movw	r2, #642
  66 0024 C260     		str	r2, [r0, #12]
  39:Core/Src/tim.c ****   htim2.Init.ClockDivision = TIM_CLOCKDIVISION_DIV1;
  67              		.loc 1 39 3 is_stmt 1 view .LVU13
  68              		.loc 1 39 28 is_stmt 0 view .LVU14
  69 0026 0361     		str	r3, [r0, #16]
  40:Core/Src/tim.c ****   htim2.Init.AutoReloadPreload = TIM_AUTORELOAD_PRELOAD_DISABLE;
  70              		.loc 1 40 3 is_stmt 1 view .LVU15
  71              		.loc 1 40 32 is_stmt 0 view .LVU16
  72 0028 8361     		str	r3, [r0, #24]
  41:Core/Src/tim.c ****   if (HAL_TIM_Base_Init(&htim2) != HAL_OK)
  73              		.loc 1 41 3 is_stmt 1 view .LVU17
  74              		.loc 1 41 7 is_stmt 0 view .LVU18
ARM GAS  /tmp/cc9vtKyG.s 			page 3


  75 002a FFF7FEFF 		bl	HAL_TIM_Base_Init
  76              	.LVL0:
  77              		.loc 1 41 6 view .LVU19
  78 002e 98B9     		cbnz	r0, .L6
  79              	.L2:
  42:Core/Src/tim.c ****   {
  43:Core/Src/tim.c ****     Error_Handler();
  44:Core/Src/tim.c ****   }
  45:Core/Src/tim.c ****   sClockSourceConfig.ClockSource = TIM_CLOCKSOURCE_INTERNAL;
  80              		.loc 1 45 3 is_stmt 1 view .LVU20
  81              		.loc 1 45 34 is_stmt 0 view .LVU21
  82 0030 4FF48053 		mov	r3, #4096
  83 0034 0493     		str	r3, [sp, #16]
  46:Core/Src/tim.c ****   if (HAL_TIM_ConfigClockSource(&htim2, &sClockSourceConfig) != HAL_OK)
  84              		.loc 1 46 3 is_stmt 1 view .LVU22
  85              		.loc 1 46 7 is_stmt 0 view .LVU23
  86 0036 04A9     		add	r1, sp, #16
  87 0038 0C48     		ldr	r0, .L9
  88 003a FFF7FEFF 		bl	HAL_TIM_ConfigClockSource
  89              	.LVL1:
  90              		.loc 1 46 6 view .LVU24
  91 003e 70B9     		cbnz	r0, .L7
  92              	.L3:
  47:Core/Src/tim.c ****   {
  48:Core/Src/tim.c ****     Error_Handler();
  49:Core/Src/tim.c ****   }
  50:Core/Src/tim.c ****   sMasterConfig.MasterOutputTrigger = TIM_TRGO_UPDATE;
  93              		.loc 1 50 3 is_stmt 1 view .LVU25
  94              		.loc 1 50 37 is_stmt 0 view .LVU26
  95 0040 2023     		movs	r3, #32
  96 0042 0193     		str	r3, [sp, #4]
  51:Core/Src/tim.c ****   sMasterConfig.MasterSlaveMode = TIM_MASTERSLAVEMODE_DISABLE;
  97              		.loc 1 51 3 is_stmt 1 view .LVU27
  98              		.loc 1 51 33 is_stmt 0 view .LVU28
  99 0044 0023     		movs	r3, #0
 100 0046 0393     		str	r3, [sp, #12]
  52:Core/Src/tim.c ****   if (HAL_TIMEx_MasterConfigSynchronization(&htim2, &sMasterConfig) != HAL_OK)
 101              		.loc 1 52 3 is_stmt 1 view .LVU29
 102              		.loc 1 52 7 is_stmt 0 view .LVU30
 103 0048 01A9     		add	r1, sp, #4
 104 004a 0848     		ldr	r0, .L9
 105 004c FFF7FEFF 		bl	HAL_TIMEx_MasterConfigSynchronization
 106              	.LVL2:
 107              		.loc 1 52 6 view .LVU31
 108 0050 40B9     		cbnz	r0, .L8
 109              	.L1:
  53:Core/Src/tim.c ****   {
  54:Core/Src/tim.c ****     Error_Handler();
  55:Core/Src/tim.c ****   }
  56:Core/Src/tim.c **** 
  57:Core/Src/tim.c **** }
 110              		.loc 1 57 1 view .LVU32
 111 0052 09B0     		add	sp, sp, #36
 112              	.LCFI2:
 113              		.cfi_remember_state
 114              		.cfi_def_cfa_offset 4
 115              		@ sp needed
ARM GAS  /tmp/cc9vtKyG.s 			page 4


 116 0054 5DF804FB 		ldr	pc, [sp], #4
 117              	.L6:
 118              	.LCFI3:
 119              		.cfi_restore_state
  43:Core/Src/tim.c ****   }
 120              		.loc 1 43 5 is_stmt 1 view .LVU33
 121 0058 FFF7FEFF 		bl	Error_Handler
 122              	.LVL3:
 123 005c E8E7     		b	.L2
 124              	.L7:
  48:Core/Src/tim.c ****   }
 125              		.loc 1 48 5 view .LVU34
 126 005e FFF7FEFF 		bl	Error_Handler
 127              	.LVL4:
 128 0062 EDE7     		b	.L3
 129              	.L8:
  54:Core/Src/tim.c ****   }
 130              		.loc 1 54 5 view .LVU35
 131 0064 FFF7FEFF 		bl	Error_Handler
 132              	.LVL5:
 133              		.loc 1 57 1 is_stmt 0 view .LVU36
 134 0068 F3E7     		b	.L1
 135              	.L10:
 136 006a 00BF     		.align	2
 137              	.L9:
 138 006c 00000000 		.word	htim2
 139              		.cfi_endproc
 140              	.LFE132:
 142              		.section	.text.HAL_TIM_Base_MspInit,"ax",%progbits
 143              		.align	1
 144              		.global	HAL_TIM_Base_MspInit
 145              		.syntax unified
 146              		.thumb
 147              		.thumb_func
 148              		.fpu fpv4-sp-d16
 150              	HAL_TIM_Base_MspInit:
 151              	.LVL6:
 152              	.LFB133:
  58:Core/Src/tim.c **** 
  59:Core/Src/tim.c **** void HAL_TIM_Base_MspInit(TIM_HandleTypeDef* tim_baseHandle)
  60:Core/Src/tim.c **** {
 153              		.loc 1 60 1 is_stmt 1 view -0
 154              		.cfi_startproc
 155              		@ args = 0, pretend = 0, frame = 8
 156              		@ frame_needed = 0, uses_anonymous_args = 0
 157              		@ link register save eliminated.
  61:Core/Src/tim.c **** 
  62:Core/Src/tim.c ****   if(tim_baseHandle->Instance==TIM2)
 158              		.loc 1 62 3 view .LVU38
 159              		.loc 1 62 20 is_stmt 0 view .LVU39
 160 0000 0368     		ldr	r3, [r0]
 161              		.loc 1 62 5 view .LVU40
 162 0002 B3F1804F 		cmp	r3, #1073741824
 163 0006 00D0     		beq	.L17
 164 0008 7047     		bx	lr
 165              	.L17:
  60:Core/Src/tim.c **** 
ARM GAS  /tmp/cc9vtKyG.s 			page 5


 166              		.loc 1 60 1 view .LVU41
 167 000a 82B0     		sub	sp, sp, #8
 168              	.LCFI4:
 169              		.cfi_def_cfa_offset 8
  63:Core/Src/tim.c ****   {
  64:Core/Src/tim.c ****   /* USER CODE BEGIN TIM2_MspInit 0 */
  65:Core/Src/tim.c **** 
  66:Core/Src/tim.c ****   /* USER CODE END TIM2_MspInit 0 */
  67:Core/Src/tim.c ****     /* TIM2 clock enable */
  68:Core/Src/tim.c ****     __HAL_RCC_TIM2_CLK_ENABLE();
 170              		.loc 1 68 5 is_stmt 1 view .LVU42
 171              	.LBB2:
 172              		.loc 1 68 5 view .LVU43
 173              		.loc 1 68 5 view .LVU44
 174 000c 03F50433 		add	r3, r3, #135168
 175 0010 9A6D     		ldr	r2, [r3, #88]
 176 0012 42F00102 		orr	r2, r2, #1
 177 0016 9A65     		str	r2, [r3, #88]
 178              		.loc 1 68 5 view .LVU45
 179 0018 9B6D     		ldr	r3, [r3, #88]
 180 001a 03F00103 		and	r3, r3, #1
 181 001e 0193     		str	r3, [sp, #4]
 182              		.loc 1 68 5 view .LVU46
 183 0020 019B     		ldr	r3, [sp, #4]
 184              	.LBE2:
 185              		.loc 1 68 5 view .LVU47
  69:Core/Src/tim.c ****   /* USER CODE BEGIN TIM2_MspInit 1 */
  70:Core/Src/tim.c **** 
  71:Core/Src/tim.c ****   /* USER CODE END TIM2_MspInit 1 */
  72:Core/Src/tim.c ****   }
  73:Core/Src/tim.c **** }
 186              		.loc 1 73 1 is_stmt 0 view .LVU48
 187 0022 02B0     		add	sp, sp, #8
 188              	.LCFI5:
 189              		.cfi_def_cfa_offset 0
 190              		@ sp needed
 191 0024 7047     		bx	lr
 192              		.cfi_endproc
 193              	.LFE133:
 195              		.section	.text.HAL_TIM_Base_MspDeInit,"ax",%progbits
 196              		.align	1
 197              		.global	HAL_TIM_Base_MspDeInit
 198              		.syntax unified
 199              		.thumb
 200              		.thumb_func
 201              		.fpu fpv4-sp-d16
 203              	HAL_TIM_Base_MspDeInit:
 204              	.LVL7:
 205              	.LFB134:
  74:Core/Src/tim.c **** 
  75:Core/Src/tim.c **** void HAL_TIM_Base_MspDeInit(TIM_HandleTypeDef* tim_baseHandle)
  76:Core/Src/tim.c **** {
 206              		.loc 1 76 1 is_stmt 1 view -0
 207              		.cfi_startproc
 208              		@ args = 0, pretend = 0, frame = 0
 209              		@ frame_needed = 0, uses_anonymous_args = 0
 210              		@ link register save eliminated.
ARM GAS  /tmp/cc9vtKyG.s 			page 6


  77:Core/Src/tim.c **** 
  78:Core/Src/tim.c ****   if(tim_baseHandle->Instance==TIM2)
 211              		.loc 1 78 3 view .LVU50
 212              		.loc 1 78 20 is_stmt 0 view .LVU51
 213 0000 0368     		ldr	r3, [r0]
 214              		.loc 1 78 5 view .LVU52
 215 0002 B3F1804F 		cmp	r3, #1073741824
 216 0006 00D0     		beq	.L20
 217              	.L18:
  79:Core/Src/tim.c ****   {
  80:Core/Src/tim.c ****   /* USER CODE BEGIN TIM2_MspDeInit 0 */
  81:Core/Src/tim.c **** 
  82:Core/Src/tim.c ****   /* USER CODE END TIM2_MspDeInit 0 */
  83:Core/Src/tim.c ****     /* Peripheral clock disable */
  84:Core/Src/tim.c ****     __HAL_RCC_TIM2_CLK_DISABLE();
  85:Core/Src/tim.c ****   /* USER CODE BEGIN TIM2_MspDeInit 1 */
  86:Core/Src/tim.c **** 
  87:Core/Src/tim.c ****   /* USER CODE END TIM2_MspDeInit 1 */
  88:Core/Src/tim.c ****   }
  89:Core/Src/tim.c **** }
 218              		.loc 1 89 1 view .LVU53
 219 0008 7047     		bx	lr
 220              	.L20:
  84:Core/Src/tim.c ****   /* USER CODE BEGIN TIM2_MspDeInit 1 */
 221              		.loc 1 84 5 is_stmt 1 view .LVU54
 222 000a 034A     		ldr	r2, .L21
 223 000c 936D     		ldr	r3, [r2, #88]
 224 000e 23F00103 		bic	r3, r3, #1
 225 0012 9365     		str	r3, [r2, #88]
 226              		.loc 1 89 1 is_stmt 0 view .LVU55
 227 0014 F8E7     		b	.L18
 228              	.L22:
 229 0016 00BF     		.align	2
 230              	.L21:
 231 0018 00100240 		.word	1073876992
 232              		.cfi_endproc
 233              	.LFE134:
 235              		.comm	htim2,76,4
 236              		.text
 237              	.Letext0:
 238              		.file 2 "/usr/lib/gcc/arm-none-eabi/9.2.1/include/stdint.h"
 239              		.file 3 "Drivers/CMSIS/Include/core_cm4.h"
 240              		.file 4 "Drivers/CMSIS/Device/ST/STM32G4xx/Include/system_stm32g4xx.h"
 241              		.file 5 "Drivers/CMSIS/Device/ST/STM32G4xx/Include/stm32g474xx.h"
 242              		.file 6 "Drivers/STM32G4xx_HAL_Driver/Inc/stm32g4xx_hal_def.h"
 243              		.file 7 "Drivers/STM32G4xx_HAL_Driver/Inc/stm32g4xx_hal_dma.h"
 244              		.file 8 "Drivers/STM32G4xx_HAL_Driver/Inc/stm32g4xx_hal_flash.h"
 245              		.file 9 "Drivers/STM32G4xx_HAL_Driver/Inc/stm32g4xx_hal_tim.h"
 246              		.file 10 "Drivers/STM32G4xx_HAL_Driver/Inc/stm32g4xx_hal_uart.h"
 247              		.file 11 "Drivers/STM32G4xx_HAL_Driver/Inc/stm32g4xx_hal.h"
 248              		.file 12 "Core/Inc/tim.h"
 249              		.file 13 "Drivers/STM32G4xx_HAL_Driver/Inc/stm32g4xx_hal_tim_ex.h"
 250              		.file 14 "Core/Inc/main.h"
ARM GAS  /tmp/cc9vtKyG.s 			page 7


DEFINED SYMBOLS
                            *ABS*:0000000000000000 tim.c
     /tmp/cc9vtKyG.s:18     .text.MX_TIM2_Init:0000000000000000 $t
     /tmp/cc9vtKyG.s:26     .text.MX_TIM2_Init:0000000000000000 MX_TIM2_Init
     /tmp/cc9vtKyG.s:138    .text.MX_TIM2_Init:000000000000006c $d
                            *COM*:000000000000004c htim2
     /tmp/cc9vtKyG.s:143    .text.HAL_TIM_Base_MspInit:0000000000000000 $t
     /tmp/cc9vtKyG.s:150    .text.HAL_TIM_Base_MspInit:0000000000000000 HAL_TIM_Base_MspInit
     /tmp/cc9vtKyG.s:196    .text.HAL_TIM_Base_MspDeInit:0000000000000000 $t
     /tmp/cc9vtKyG.s:203    .text.HAL_TIM_Base_MspDeInit:0000000000000000 HAL_TIM_Base_MspDeInit
     /tmp/cc9vtKyG.s:231    .text.HAL_TIM_Base_MspDeInit:0000000000000018 $d

UNDEFINED SYMBOLS
HAL_TIM_Base_Init
HAL_TIM_ConfigClockSource
HAL_TIMEx_MasterConfigSynchronization
Error_Handler
